Time: 0m20s - Junction C: Vehicle 4 moved to Station
Time: 0m50s - Junction C: Vehicle 11 moved to University
Time: 0m50s - Junction C: Vehicle 14 moved to University
Time: 1m10s - Junction C: Vehicle 17 moved to Shopping Centre
Time: 1m20s - Junction C: Vehicle 19 moved to Shopping Centre
Time: 1m30s - Junction C: Green phase ended: 5 cars through from From B, 0 waiting.
Time: 1m30s - Junction C: Vehicle 1 moved to Industrial Park
Time: 1m40s - Junction C: Vehicle 5 moved to Shopping Centre
Time: 1m40s - Junction C: Vehicle 7 moved to Industrial Park
Time: 1m50s - Junction C: Vehicle 10 moved to Industrial Park
Time: 1m50s - Junction C: Vehicle 12 moved to Station
Time: 2m0s - Junction C: Vehicle 14 moved to Station
Time: 2m0s - Junction C: Vehicle 15 moved to Shopping Centre
Time: 2m10s - Junction C: Vehicle 18 moved to Shopping Centre
Time: 2m10s - Junction C: Vehicle 20 moved to Industrial Park
Time: 2m20s - Junction C: Vehicle 23 moved to Station
Time: 2m20s - Junction C: Vehicle 24 moved to Industrial Park
Time: 2m30s - Junction C: Vehicle 25 moved to Shopping Centre
Time: 2m30s - Junction C: Vehicle 28 moved to Industrial Park
Time: 2m40s - Junction C: Vehicle 30 moved to Shopping Centre
Time: 2m40s - Junction C: Vehicle 33 moved to University
Time: 2m50s - Junction C: Vehicle 35 moved to Shopping Centre
Time: 2m50s - Junction C: Vehicle 39 moved to Station
Time: 3m0s - Junction C: Vehicle 41 moved to Industrial Park
Time: 3m0s - Junction C: Green phase ended: 18 cars through from From North, 5 waiting.
Time: 3m0s - Junction C: Vehicle 13 moved to Shopping Centre
Time: 3m10s - Junction C: Vehicle 16 moved to Shopping Centre
Time: 3m10s - Junction C: Vehicle 21 moved to Station
Time: 3m20s - Junction C: Vehicle 32 moved to Shopping Centre
Time: 3m20s - Junction C: Vehicle 42 moved to Station
Time: 4m30s - Junction C: Green phase ended: 5 cars through from From B, 0 waiting.
Time: 4m30s - Junction C: Vehicle 44 moved to Shopping Centre
Time: 4m40s - Junction C: Vehicle 45 moved to Shopping Centre
Time: 4m40s - Junction C: Vehicle 47 moved to Industrial Park
Time: 4m50s - Junction C: Vehicle 49 moved to Industrial Park
Time: 4m50s - Junction C: Vehicle 51 moved to University
Time: 5m0s - Junction C: Vehicle 54 moved to Industrial Park
Time: 5m0s - Junction C: Vehicle 56 moved to University
Time: 5m10s - Junction C: Vehicle 58 moved to Industrial Park
Time: 5m10s - Junction C: Vehicle 60 moved to Station
Time: 5m20s - Junction C: Vehicle 64 moved to Shopping Centre
Time: 5m20s - Junction C: Vehicle 65 moved to University
Time: 5m30s - Junction C: Vehicle 66 moved to Industrial Park
Time: 5m30s - Junction C: Vehicle 69 moved to Industrial Park
Time: 5m40s - Junction C: Vehicle 71 moved to University
Time: 5m40s - Junction C: Vehicle 74 moved to Station
Time: 5m50s - Junction C: Vehicle 76 moved to Industrial Park
Time: 5m50s - Junction C: Vehicle 79 moved to Industrial Park
Time: 6m0s - Junction C: Vehicle 81 moved to Station
Time: 6m0s - Junction C: Green phase ended: 18 cars through from From North, 10 waiting.
Time: 6m0s - Junction C: Vehicle 31 moved to Shopping Centre
Time: 6m10s - Junction C: Vehicle 34 moved to Station
Time: 6m10s - Junction C: Vehicle 40 moved to Shopping Centre
Time: 6m20s - Junction C: Vehicle 43 moved to Shopping Centre
Time: 6m20s - Junction C: Vehicle 45 moved to Shopping Centre
Time: 6m30s - Junction C: Vehicle 46 moved to Shopping Centre
Time: 6m30s - Junction C: Vehicle 53 moved to University
Time: 6m40s - Junction C: Vehicle 52 moved to Shopping Centre
Time: 6m40s - Junction C: Vehicle 57 moved to University
Time: 6m50s - Junction C: Vehicle 62 moved to Shopping Centre
Time: 6m50s - Junction C: Vehicle 68 moved to Station
Time: 7m0s - Junction C: Vehicle 73 moved to Shopping Centre
Time: 7m0s - Junction C: Vehicle 83 moved to University
Time: 7m10s - Junction C: Vehicle 90 moved to Shopping Centre
Time: 7m10s - Junction C: Vehicle 100 moved to Station
Time: 7m20s - Junction C: Vehicle 112 moved to Shopping Centre
Time: 7m20s - Junction C: Vehicle 117 moved to University
Time: 7m30s - Junction C: Vehicle 122 moved to Shopping Centre
Time: 7m30s - Junction C: Green phase ended: 18 cars through from From B, 1 waiting.
Time: 7m30s - Junction C: Vehicle 84 moved to Industrial Park
Time: 7m40s - Junction C: Vehicle 86 moved to Station
Time: 7m40s - Junction C: Vehicle 88 moved to Industrial Park
Time: 7m50s - Junction C: Vehicle 91 moved to Industrial Park
Time: 7m50s - Junction C: Vehicle 93 moved to Station
Time: 8m0s - Junction C: Vehicle 96 moved to University
Time: 8m0s - Junction C: Vehicle 98 moved to Industrial Park
Time: 8m10s - Junction C: Vehicle 101 moved to Industrial Park
Time: 8m10s - Junction C: Vehicle 103 moved to Station
Time: 8m20s - Junction C: Vehicle 106 moved to Station
Time: 8m20s - Junction C: Vehicle 108 moved to Shopping Centre
Time: 8m30s - Junction C: Vehicle 110 moved to Station
Time: 8m30s - Junction C: Vehicle 113 moved to Industrial Park
Time: 8m40s - Junction C: Vehicle 115 moved to Industrial Park
Time: 8m40s - Junction C: Vehicle 118 moved to Shopping Centre
Time: 8m50s - Junction C: Vehicle 120 moved to Industrial Park
Time: 8m50s - Junction C: Vehicle 123 moved to Shopping Centre
Time: 9m0s - Junction C: Vehicle 125 moved to Industrial Park
Time: 9m0s - Junction C: Green phase ended: 18 cars through from From North, 14 waiting.
Time: 9m0s - Junction C: Vehicle 127 moved to Shopping Centre
Time: 9m10s - Junction C: Vehicle 134 moved to Station
Time: 9m10s - Junction C: Vehicle 55 moved to University
Time: 9m20s - Junction C: Vehicle 59 moved to Shopping Centre
Time: 9m20s - Junction C: Vehicle 72 moved to Shopping Centre
Time: 9m30s - Junction C: Vehicle 61 moved to Shopping Centre
Time: 9m30s - Junction C: Vehicle 65 moved to Station
Time: 9m40s - Junction C: Vehicle 67 moved to Station
Time: 9m40s - Junction C: Vehicle 80 moved to Shopping Centre
Time: 9m50s - Junction C: Vehicle 104 moved to Station
Time: 9m50s - Junction C: Vehicle 107 moved to Station
Time: 10m0s - Junction C: Vehicle 114 moved to Shopping Centre
Time: 10m0s - Junction C: Vehicle 116 moved to Station
Time: 10m10s - Junction C: Vehicle 121 moved to Shopping Centre
Time: 10m10s - Junction C: Vehicle 82 moved to Shopping Centre
Time: 10m20s - Junction C: Vehicle 85 moved to Shopping Centre
Time: 10m20s - Junction C: Vehicle 87 moved to University
Time: 10m30s - Junction C: Vehicle 126 moved to Station
Time: 10m30s - Junction C: Green phase ended: 18 cars through from From B, 1 waiting.
Time: 10m30s - Junction C: Vehicle 128 moved to Station
Time: 10m40s - Junction C: Vehicle 130 moved to Station
Time: 10m40s - Junction C: Vehicle 132 moved to Industrial Park
Time: 10m50s - Junction C: Vehicle 135 moved to Shopping Centre
Time: 10m50s - Junction C: Vehicle 137 moved to University
Time: 11m0s - Junction C: Vehicle 140 moved to Industrial Park
Time: 11m0s - Junction C: Vehicle 142 moved to University
Time: 11m10s - Junction C: Vehicle 145 moved to Station
Time: 11m10s - Junction C: Vehicle 147 moved to Industrial Park
Time: 11m20s - Junction C: Vehicle 150 moved to Shopping Centre
Time: 11m20s - Junction C: Vehicle 152 moved to University
Time: 11m30s - Junction C: Vehicle 154 moved to Shopping Centre
Time: 11m30s - Junction C: Vehicle 157 moved to Industrial Park
Time: 11m40s - Junction C: Vehicle 159 moved to Shopping Centre
Time: 11m40s - Junction C: Vehicle 162 moved to Industrial Park
Time: 11m50s - Junction C: Vehicle 164 moved to Industrial Park
Time: 11m50s - Junction C: Vehicle 167 moved to Shopping Centre
Time: 12m0s - Junction C: Vehicle 169 moved to Industrial Park
Time: 12m0s - Junction C: Green phase ended: 18 cars through from From North, 19 waiting.
Time: 12m0s - Junction C: Vehicle 89 moved to University
Time: 12m10s - Junction C: Vehicle 92 moved to Shopping Centre
Time: 12m10s - Junction C: Vehicle 139 moved to Shopping Centre
Time: 12m20s - Junction C: Vehicle 144 moved to Station
Time: 12m20s - Junction C: Vehicle 149 moved to Station
Time: 12m30s - Junction C: Vehicle 156 moved to Shopping Centre
Time: 12m30s - Junction C: Vehicle 161 moved to University
Time: 12m40s - Junction C: Vehicle 166 moved to Station
Time: 12m40s - Junction C: Vehicle 178 moved to Shopping Centre
Time: 12m50s - Junction C: Vehicle 183 moved to Shopping Centre
Time: 13m30s - Junction C: Green phase ended: 10 cars through from From B, 0 waiting.
Time: 13m30s - Junction C: Vehicle 172 moved to Industrial Park
Time: 13m40s - Junction C: Vehicle 174 moved to Industrial Park
Time: 13m40s - Junction C: Vehicle 176 moved to Industrial Park
Time: 13m50s - Junction C: Vehicle 179 moved to Station
Time: 13m50s - Junction C: Vehicle 181 moved to University
Time: 14m0s - Junction C: Vehicle 184 moved to University
Time: 14m0s - Junction C: Vehicle 186 moved to Station
Time: 14m10s - Junction C: Vehicle 189 moved to Shopping Centre
Time: 14m10s - Junction C: Vehicle 191 moved to Industrial Park
Time: 14m20s - Junction C: Vehicle 194 moved to Industrial Park
Time: 14m20s - Junction C: Vehicle 196 moved to Station
Time: 14m30s - Junction C: Vehicle 198 moved to Station
Time: 14m30s - Junction C: Vehicle 201 moved to Industrial Park
Time: 14m40s - Junction C: Vehicle 203 moved to Industrial Park
Time: 14m40s - Junction C: Vehicle 206 moved to Shopping Centre
Time: 14m50s - Junction C: Vehicle 208 moved to Industrial Park
Time: 14m50s - Junction C: Vehicle 211 moved to Industrial Park
Time: 15m0s - Junction C: Vehicle 213 moved to Shopping Centre
Time: 15m0s - Junction C: Green phase ended: 18 cars through from From North, 23 waiting.
Time: 15m0s - Junction C: Vehicle 97 moved to Station
Time: 15m10s - Junction C: Vehicle 99 moved to Shopping Centre
Time: 15m10s - Junction C: Vehicle 133 moved to Shopping Centre
Time: 15m20s - Junction C: Vehicle 138 moved to University
Time: 15m20s - Junction C: Vehicle 143 moved to Shopping Centre
Time: 15m30s - Junction C: Vehicle 148 moved to Shopping Centre
Time: 15m30s - Junction C: Vehicle 151 moved to Shopping Centre
Time: 15m40s - Junction C: Vehicle 193 moved to Shopping Centre
Time: 15m40s - Junction C: Vehicle 210 moved to Station
Time: 15m50s - Junction C: Vehicle 215 moved to Shopping Centre
Time: 15m50s - Junction C: Vehicle 221 moved to Shopping Centre
Time: 16m0s - Junction C: Vehicle 237 moved to Shopping Centre
Time: 16m0s - Junction C: Vehicle 243 moved to Shopping Centre
Time: 16m10s - Junction C: Vehicle 249 moved to Shopping Centre
Time: 16m10s - Junction C: Vehicle 254 moved to Shopping Centre
Time: 16m20s - Junction C: Vehicle 259 moved to Shopping Centre
Time: 16m20s - Junction C: Vehicle 264 moved to Station
Time: 16m30s - Junction C: Vehicle 281 moved to University
Time: 16m30s - Junction C: Green phase ended: 18 cars through from From B, 2 waiting.
Time: 16m30s - Junction C: GRIDLOCK for Vehicle 216 to Industrial Park
Time: 16m40s - Junction C: Vehicle 218 moved to Industrial Park
Time: 16m40s - Junction C: Vehicle 220 moved to University
Time: 16m50s - Junction C: Vehicle 223 moved to Shopping Centre
Time: 16m50s - Junction C: Vehicle 225 moved to Industrial Park
Time: 17m0s - Junction C: Vehicle 228 moved to Station
Time: 17m0s - Junction C: Vehicle 230 moved to University
Time: 17m10s - Junction C: Vehicle 233 moved to Station
Time: 17m10s - Junction C: Vehicle 235 moved to Station
Time: 17m20s - Junction C: Vehicle 238 moved to Shopping Centre
Time: 17m20s - Junction C: Vehicle 240 moved to Industrial Park
Time: 17m30s - Junction C: Vehicle 242 moved to Shopping Centre
Time: 17m30s - Junction C: Vehicle 245 moved to Station
Time: 17m40s - Junction C: Vehicle 247 moved to Shopping Centre
Time: 17m40s - Junction C: Vehicle 250 moved to Station
Time: 17m50s - Junction C: Vehicle 252 moved to Station
Time: 17m50s - Junction C: Vehicle 255 moved to Industrial Park
Time: 18m0s - Junction C: Vehicle 257 moved to Industrial Park
Time: 18m0s - Junction C: Green phase ended: 17 cars through from From North, 29 waiting.
Time: 18m0s - Junction C: Vehicle 286 moved to Shopping Centre
Time: 18m10s - Junction C: Vehicle 293 moved to Station
Time: 18m10s - Junction C: Vehicle 298 moved to Shopping Centre
Time: 18m20s - Junction C: Vehicle 173 moved to Station
Time: 18m20s - Junction C: Vehicle 175 moved to University
Time: 18m30s - Junction C: Vehicle 182 moved to Shopping Centre
Time: 18m30s - Junction C: Vehicle 190 moved to Shopping Centre
Time: 18m40s - Junction C: Vehicle 199 moved to Shopping Centre
Time: 18m40s - Junction C: Vehicle 204 moved to Shopping Centre
Time: 18m50s - Junction C: Vehicle 207 moved to Station
Time: 18m50s - Junction C: Vehicle 226 moved to Station
Time: 19m0s - Junction C: Vehicle 231 moved to Shopping Centre
Time: 19m0s - Junction C: Vehicle 153 moved to Shopping Centre
Time: 19m10s - Junction C: Vehicle 234 moved to Station
Time: 19m10s - Junction C: Vehicle 158 moved to University
Time: 19m20s - Junction C: Vehicle 236 moved to Shopping Centre
Time: 19m20s - Junction C: Vehicle 160 moved to Shopping Centre
Time: 19m30s - Junction C: Vehicle 163 moved to Shopping Centre
Time: 19m30s - Junction C: Green phase ended: 18 cars through from From B, 2 waiting.
Time: 19m30s - Junction C: Vehicle 260 moved to University
Time: 19m40s - Junction C: Vehicle 262 moved to Industrial Park
Time: 19m40s - Junction C: Vehicle 265 moved to Shopping Centre
Time: 19m50s - Junction C: Vehicle 267 moved to Industrial Park
Time: 19m50s - Junction C: Vehicle 269 moved to University
Time: 20m0s - Junction C: Vehicle 272 moved to Industrial Park
Time: 20m0s - Junction C: Vehicle 274 moved to Industrial Park
Time: 20m10s - Junction C: Vehicle 277 moved to Station
Time: 20m10s - Junction C: Vehicle 279 moved to Industrial Park
Time: 20m20s - Junction C: Vehicle 282 moved to Shopping Centre
Time: 20m20s - Junction C: Vehicle 284 moved to Industrial Park
Time: 20m30s - Junction C: Vehicle 287 moved to Station
Time: 20m30s - Junction C: Vehicle 289 moved to Station
Time: 20m40s - Junction C: Vehicle 291 moved to Industrial Park
Time: 20m40s - Junction C: Vehicle 294 moved to Shopping Centre
Time: 20m50s - Junction C: Vehicle 296 moved to Station
Time: 20m50s - Junction C: Vehicle 216 moved to Industrial Park
Time: 21m0s - Junction C: Vehicle 299 moved to Shopping Centre
Time: 21m0s - Junction C: Green phase ended: 18 cars through from From North, 33 waiting.
Time: 21m0s - Junction C: Vehicle 165 moved to Shopping Centre
Time: 21m10s - Junction C: Vehicle 241 moved to University
Time: 21m10s - Junction C: Vehicle 168 moved to Shopping Centre
Time: 21m20s - Junction C: Vehicle 303 moved to Shopping Centre
Time: 21m20s - Junction C: Vehicle 308 moved to Shopping Centre
Time: 21m30s - Junction C: Vehicle 315 moved to Shopping Centre
Time: 21m30s - Junction C: Vehicle 320 moved to Shopping Centre
Time: 21m40s - Junction C: Vehicle 325 moved to Station
Time: 21m40s - Junction C: Vehicle 330 moved to Shopping Centre
Time: 21m50s - Junction C: Vehicle 342 moved to Shopping Centre
Time: 22m30s - Junction C: Green phase ended: 10 cars through from From B, 0 waiting.
Time: 22m30s - Junction C: Vehicle 301 moved to Industrial Park
Time: 22m40s - Junction C: Vehicle 304 moved to Industrial Park
Time: 22m40s - Junction C: Vehicle 306 moved to Industrial Park
Time: 22m50s - Junction C: Vehicle 309 moved to Station
Time: 22m50s - Junction C: Vehicle 311 moved to Industrial Park
Time: 23m0s - Junction C: Vehicle 313 moved to Shopping Centre
Time: 23m0s - Junction C: Vehicle 316 moved to Industrial Park
Time: 23m10s - Junction C: Vehicle 318 moved to Shopping Centre
Time: 23m10s - Junction C: Vehicle 321 moved to University
Time: 23m20s - Junction C: Vehicle 323 moved to Industrial Park
Time: 23m20s - Junction C: Vehicle 326 moved to Industrial Park
Time: 23m30s - Junction C: Vehicle 328 moved to Industrial Park
Time: 23m30s - Junction C: Vehicle 331 moved to Station
Time: 23m30s - Junction C: GRIDLOCK for Vehicle 333 to Industrial Park
Time: 23m40s - Junction C: Vehicle 335 moved to Station
Time: 23m50s - Junction C: Vehicle 338 moved to University
Time: 23m50s - Junction C: Vehicle 340 moved to Shopping Centre
Time: 24m0s - Junction C: Vehicle 343 moved to Shopping Centre
Time: 24m0s - Junction C: Green phase ended: 17 cars through from From North, 39 waiting.
Time: 24m0s - Junction C: Vehicle 170 moved to Shopping Centre
Time: 24m10s - Junction C: Vehicle 248 moved to Station
Time: 24m10s - Junction C: Vehicle 251 moved to Station
Time: 24m20s - Junction C: Vehicle 253 moved to Station
Time: 24m20s - Junction C: Vehicle 261 moved to Shopping Centre
Time: 24m30s - Junction C: Vehicle 263 moved to Station
Time: 24m30s - Junction C: Vehicle 266 moved to University
Time: 24m40s - Junction C: Vehicle 359 moved to Station
Time: 24m40s - Junction C: Vehicle 364 moved to Shopping Centre
Time: 24m50s - Junction C: Vehicle 347 moved to Shopping Centre
Time: 24m50s - Junction C: Vehicle 381 moved to University
Time: 25m0s - Junction C: Vehicle 374 moved to Shopping Centre
Time: 25m0s - Junction C: Vehicle 396 moved to University
Time: 25m10s - Junction C: Vehicle 408 moved to Shopping Centre
Time: 25m10s - Junction C: Vehicle 413 moved to Shopping Centre
Time: 25m30s - Junction C: Vehicle 447 moved to University
Time: 25m30s - Junction C: Green phase ended: 16 cars through from From B, 0 waiting.
Time: 25m30s - Junction C: Vehicle 345 moved to Shopping Centre
Time: 25m40s - Junction C: Vehicle 348 moved to Shopping Centre
Time: 25m40s - Junction C: Vehicle 350 moved to Shopping Centre
Time: 25m50s - Junction C: Vehicle 353 moved to Industrial Park
Time: 25m50s - Junction C: Vehicle 355 moved to Station
Time: 26m0s - Junction C: Vehicle 357 moved to Industrial Park
Time: 26m0s - Junction C: Vehicle 360 moved to University
Time: 26m10s - Junction C: Vehicle 362 moved to Shopping Centre
Time: 26m10s - Junction C: Vehicle 365 moved to Shopping Centre
Time: 26m20s - Junction C: Vehicle 367 moved to Station
Time: 26m20s - Junction C: Vehicle 370 moved to Shopping Centre
Time: 26m30s - Junction C: Vehicle 372 moved to Station
Time: 26m30s - Junction C: Vehicle 375 moved to Station
Time: 26m40s - Junction C: Vehicle 377 moved to Industrial Park
Time: 26m40s - Junction C: Vehicle 379 moved to Industrial Park
Time: 26m50s - Junction C: Vehicle 382 moved to Industrial Park
Time: 26m50s - Junction C: Vehicle 384 moved to Industrial Park
Time: 27m0s - Junction C: Vehicle 387 moved to Station
Time: 27m0s - Junction C: Green phase ended: 18 cars through from From North, 43 waiting.
Time: 27m10s - Junction C: Vehicle 290 moved to Shopping Centre
Time: 27m20s - Junction C: Vehicle 212 moved to Shopping Centre
Time: 27m20s - Junction C: Vehicle 297 moved to Station
Time: 27m30s - Junction C: Vehicle 300 moved to University
Time: 27m30s - Junction C: Vehicle 305 moved to University
Time: 27m40s - Junction C: Vehicle 312 moved to University
Time: 27m40s - Junction C: Vehicle 319 moved to Station
Time: 27m50s - Junction C: Vehicle 332 moved to Station
Time: 27m50s - Junction C: Vehicle 334 moved to Station
Time: 28m0s - Junction C: Vehicle 336 moved to Station
Time: 28m0s - Junction C: Vehicle 344 moved to Shopping Centre
Time: 28m20s - Junction C: Vehicle 354 moved to Station
Time: 28m30s - Junction C: Green phase ended: 12 cars through from From B, 0 waiting.
Time: 28m30s - Junction C: Vehicle 389 moved to Industrial Park
Time: 28m40s - Junction C: Vehicle 392 moved to Industrial Park
Time: 28m40s - Junction C: Vehicle 394 moved to Station
Time: 28m50s - Junction C: Vehicle 397 moved to Station
Time: 28m50s - Junction C: Vehicle 399 moved to Station
Time: 29m0s - Junction C: Vehicle 401 moved to Station
Time: 29m0s - Junction C: Vehicle 404 moved to Industrial Park
Time: 29m10s - Junction C: Vehicle 406 moved to Shopping Centre
Time: 29m10s - Junction C: Vehicle 409 moved to Industrial Park
Time: 29m20s - Junction C: Vehicle 411 moved to Industrial Park
Time: 29m20s - Junction C: Vehicle 414 moved to Industrial Park
Time: 29m30s - Junction C: Vehicle 416 moved to Industrial Park
Time: 29m30s - Junction C: Vehicle 419 moved to Shopping Centre
Time: 29m40s - Junction C: Vehicle 421 moved to Industrial Park
Time: 29m40s - Junction C: Vehicle 423 moved to Shopping Centre
Time: 29m50s - Junction C: Vehicle 426 moved to Station
Time: 29m50s - Junction C: Vehicle 333 moved to Industrial Park
Time: 30m0s - Junction C: Vehicle 428 moved to Shopping Centre
Time: 30m0s - Junction C: Green phase ended: 18 cars through from From North, 44 waiting.
Time: 30m0s - Junction C: Vehicle 457 moved to University
Time: 30m10s - Junction C: Vehicle 474 moved to Station
Time: 30m10s - Junction C: Vehicle 479 moved to Shopping Centre
Time: 30m20s - Junction C: Vehicle 484 moved to Station
Time: 30m20s - Junction C: Vehicle 490 moved to Station
Time: 30m30s - Junction C: Vehicle 501 moved to Station
Time: 30m30s - Junction C: Vehicle 506 moved to Shopping Centre
Time: 30m40s - Junction C: Vehicle 511 moved to Station
Time: 30m40s - Junction C: Vehicle 518 moved to Shopping Centre
Time: 30m50s - Junction C: Vehicle 528 moved to Station
Time: 31m30s - Junction C: Green phase ended: 10 cars through from From B, 0 waiting.
Time: 31m30s - Junction C: Vehicle 431 moved to University
Time: 31m40s - Junction C: Vehicle 433 moved to Station
Time: 31m40s - Junction C: Vehicle 436 moved to Industrial Park
Time: 31m50s - Junction C: Vehicle 438 moved to Industrial Park
Time: 31m50s - Junction C: Vehicle 441 moved to Shopping Centre
Time: 32m0s - Junction C: Vehicle 443 moved to University
Time: 32m0s - Junction C: Vehicle 445 moved to Shopping Centre
Time: 32m10s - Junction C: Vehicle 448 moved to Shopping Centre
Time: 32m10s - Junction C: Vehicle 450 moved to Industrial Park
Time: 32m20s - Junction C: Vehicle 453 moved to Station
Time: 32m20s - Junction C: GRIDLOCK for Vehicle 455 to Industrial Park
Time: 32m30s - Junction C: Vehicle 458 moved to Shopping Centre
Time: 32m30s - Junction C: Vehicle 460 moved to Station
Time: 32m30s - Junction C: GRIDLOCK for Vehicle 463 to Industrial Park
Time: 32m40s - Junction C: Vehicle 465 moved to Shopping Centre
Time: 32m40s - Junction C: GRIDLOCK for Vehicle 467 to Industrial Park
Time: 32m50s - Junction C: GRIDLOCK for Vehicle 470 to Industrial Park
Time: 33m0s - Junction C: Vehicle 472 moved to Shopping Centre
Time: 33m0s - Junction C: Green phase ended: 14 cars through from From North, 47 waiting.
Time: 33m0s - Junction C: Vehicle 366 moved to Station
Time: 33m10s - Junction C: Vehicle 373 moved to Shopping Centre
Time: 33m10s - Junction C: Vehicle 376 moved to Station
Time: 33m20s - Junction C: Vehicle 380 moved to Shopping Centre
Time: 33m20s - Junction C: Vehicle 383 moved to Station
Time: 33m30s - Junction C: Vehicle 385 moved to University
Time: 33m30s - Junction C: Vehicle 388 moved to Station
Time: 33m40s - Junction C: Vehicle 533 moved to Station
Time: 33m40s - Junction C: Vehicle 545 moved to Shopping Centre
Time: 33m50s - Junction C: Vehicle 550 moved to Shopping Centre
Time: 33m50s - Junction C: Vehicle 555 moved to Shopping Centre
Time: 34m0s - Junction C: Vehicle 562 moved to Shopping Centre
Time: 34m0s - Junction C: Vehicle 572 moved to Shopping Centre
Time: 34m10s - Junction C: Vehicle 577 moved to Shopping Centre
Time: 34m10s - Junction C: Vehicle 584 moved to University
Time: 34m20s - Junction C: Vehicle 594 moved to Shopping Centre
Time: 34m20s - Junction C: Vehicle 611 moved to Shopping Centre
Time: 34m30s - Junction C: Vehicle 616 moved to Station
Time: 34m30s - Junction C: Green phase ended: 18 cars through from From B, 1 waiting.
Time: 34m30s - Junction C: GRIDLOCK for Vehicle 475 to Industrial Park
Time: 34m40s - Junction C: Vehicle 477 moved to Industrial Park
Time: 34m40s - Junction C: Vehicle 480 moved to Station
Time: 34m50s - Junction C: Vehicle 482 moved to Industrial Park
Time: 34m50s - Junction C: Vehicle 485 moved to Station
Time: 35m0s - Junction C: Vehicle 487 moved to Shopping Centre
Time: 35m0s - Junction C: Vehicle 489 moved to Shopping Centre
Time: 35m10s - Junction C: Vehicle 492 moved to Industrial Park
Time: 35m10s - Junction C: Vehicle 494 moved to Station
Time: 35m20s - Junction C: Vehicle 497 moved to Industrial Park
Time: 35m20s - Junction C: Vehicle 499 moved to Station
Time: 35m30s - Junction C: Vehicle 502 moved to Station
Time: 35m30s - Junction C: Vehicle 504 moved to Station
Time: 35m40s - Junction C: Vehicle 507 moved to Industrial Park
Time: 35m40s - Junction C: Vehicle 519 moved to Industrial Park
Time: 35m50s - Junction C: Vehicle 521 moved to Station
Time: 35m50s - Junction C: Vehicle 524 moved to Shopping Centre
Time: 36m0s - Junction C: Vehicle 526 moved to Industrial Park
Time: 36m0s - Junction C: Green phase ended: 17 cars through from From North, 44 waiting.
Time: 36m0s - Junction C: Vehicle 621 moved to Station
Time: 36m10s - Junction C: Vehicle 628 moved to Shopping Centre
Time: 36m10s - Junction C: Vehicle 278 moved to University
Time: 36m20s - Junction C: Vehicle 280 moved to Shopping Centre
Time: 36m20s - Junction C: Vehicle 283 moved to Shopping Centre
Time: 36m30s - Junction C: Vehicle 407 moved to Station
Time: 36m30s - Junction C: Vehicle 285 moved to Station
Time: 36m40s - Junction C: Vehicle 446 moved to Shopping Centre
Time: 36m40s - Junction C: Vehicle 451 moved to University
Time: 36m50s - Junction C: Vehicle 327 moved to Shopping Centre
Time: 36m50s - Junction C: Vehicle 466 moved to Station
Time: 37m0s - Junction C: Vehicle 469 moved to Shopping Centre
Time: 37m0s - Junction C: Vehicle 471 moved to Station
Time: 37m10s - Junction C: Vehicle 473 moved to Shopping Centre
Time: 37m10s - Junction C: Vehicle 217 moved to Shopping Centre
Time: 37m20s - Junction C: Vehicle 495 moved to Station
Time: 37m20s - Junction C: Vehicle 498 moved to Shopping Centre
Time: 37m30s - Junction C: Vehicle 503 moved to Shopping Centre
Time: 37m30s - Junction C: Green phase ended: 18 cars through from From B, 1 waiting.
Time: 37m30s - Junction C: Vehicle 529 moved to Industrial Park
Time: 37m40s - Junction C: Vehicle 531 moved to Industrial Park
Time: 37m40s - Junction C: Vehicle 534 moved to Station
Time: 37m50s - Junction C: Vehicle 536 moved to Industrial Park
Time: 37m50s - Junction C: Vehicle 538 moved to Shopping Centre
Time: 38m0s - Junction C: Vehicle 541 moved to Industrial Park
Time: 38m0s - Junction C: Vehicle 543 moved to Station
Time: 38m10s - Junction C: Vehicle 546 moved to Station
Time: 38m10s - Junction C: Vehicle 548 moved to Shopping Centre
Time: 38m20s - Junction C: Vehicle 551 moved to Station
Time: 38m20s - Junction C: Vehicle 553 moved to Industrial Park
Time: 38m30s - Junction C: Vehicle 556 moved to Industrial Park
Time: 38m30s - Junction C: Vehicle 558 moved to Shopping Centre
Time: 38m40s - Junction C: Vehicle 560 moved to Shopping Centre
Time: 38m40s - Junction C: Vehicle 575 moved to Station
Time: 38m50s - Junction C: Vehicle 578 moved to Shopping Centre
Time: 38m50s - Junction C: Vehicle 580 moved to Shopping Centre
Time: 39m0s - Junction C: Vehicle 582 moved to Shopping Centre
Time: 39m0s - Junction C: Green phase ended: 18 cars through from From North, 43 waiting.
Time: 39m0s - Junction C: Vehicle 508 moved to University
Time: 39m10s - Junction C: Vehicle 510 moved to University
Time: 39m10s - Junction C: Vehicle 650 moved to Station
Time: 39m20s - Junction C: Vehicle 665 moved to Shopping Centre
Time: 39m20s - Junction C: Vehicle 677 moved to Shopping Centre
Time: 39m30s - Junction C: Vehicle 682 moved to University
Time: 39m30s - Junction C: Vehicle 704 moved to Station
Time: 39m40s - Junction C: Vehicle 709 moved to Station
Time: 40m30s - Junction C: Green phase ended: 8 cars through from From B, 0 waiting.
Time: 40m30s - Junction C: Vehicle 585 moved to Industrial Park
Time: 40m40s - Junction C: Vehicle 587 moved to Industrial Park
Time: 40m40s - Junction C: Vehicle 455 moved to Industrial Park
Time: 40m50s - Junction C: Vehicle 590 moved to Shopping Centre
Time: 40m50s - Junction C: Vehicle 592 moved to Industrial Park
Time: 40m50s - Junction C: GRIDLOCK for Vehicle 463 to Industrial Park
Time: 41m0s - Junction C: GRIDLOCK for Vehicle 595 to Industrial Park
Time: 41m0s - Junction C: GRIDLOCK for Vehicle 467 to Industrial Park
Time: 41m10s - Junction C: GRIDLOCK for Vehicle 597 to Industrial Park
Time: 41m10s - Junction C: GRIDLOCK for Vehicle 470 to Industrial Park
Time: 41m20s - Junction C: Vehicle 600 moved to Station
Time: 41m30s - Junction C: Vehicle 602 moved to Shopping Centre
Time: 41m30s - Junction C: GRIDLOCK for Vehicle 604 to Industrial Park
Time: 41m40s - Junction C: Vehicle 607 moved to Shopping Centre
Time: 41m40s - Junction C: GRIDLOCK for Vehicle 475 to Industrial Park
Time: 41m40s - Junction C: GRIDLOCK for Vehicle 631 to Industrial Park
Time: 41m50s - Junction C: Vehicle 634 moved to Station
Time: 42m0s - Junction C: Vehicle 636 moved to Shopping Centre
Time: 42m0s - Junction C: Green phase ended: 10 cars through from From North, 50 waiting.
Time: 42m0s - Junction C: Vehicle 513 moved to Station
Time: 42m10s - Junction C: Vehicle 515 moved to Shopping Centre
Time: 42m10s - Junction C: Vehicle 520 moved to Station
Time: 42m20s - Junction C: Vehicle 522 moved to Shopping Centre
Time: 42m20s - Junction C: Vehicle 525 moved to Shopping Centre
Time: 42m30s - Junction C: Vehicle 549 moved to Shopping Centre
Time: 42m30s - Junction C: Vehicle 552 moved to Shopping Centre
Time: 42m40s - Junction C: Vehicle 721 moved to Shopping Centre
Time: 42m40s - Junction C: Vehicle 731 moved to Shopping Centre
Time: 42m50s - Junction C: Vehicle 736 moved to Shopping Centre
Time: 42m50s - Junction C: Vehicle 748 moved to Station
Time: 43m0s - Junction C: Vehicle 765 moved to Shopping Centre
Time: 43m0s - Junction C: Vehicle 770 moved to Station
Time: 43m10s - Junction C: Vehicle 775 moved to Shopping Centre
Time: 43m10s - Junction C: Vehicle 787 moved to Shopping Centre
Time: 43m30s - Junction C: Green phase ended: 15 cars through from From B, 1 waiting.
Time: 43m30s - Junction C: Vehicle 639 moved to Shopping Centre
Time: 43m40s - Junction C: Vehicle 641 moved to Shopping Centre
Time: 43m40s - Junction C: Vehicle 644 moved to Shopping Centre
Time: 43m50s - Junction C: Vehicle 646 moved to Industrial Park
Time: 43m50s - Junction C: Vehicle 648 moved to Industrial Park
Time: 44m0s - Junction C: Vehicle 651 moved to Shopping Centre
Time: 44m0s - Junction C: Vehicle 653 moved to Shopping Centre
Time: 44m10s - Junction C: Vehicle 656 moved to Industrial Park
Time: 44m10s - Junction C: Vehicle 658 moved to Industrial Park
Time: 44m20s - Junction C: Vehicle 661 moved to Shopping Centre
Time: 44m20s - Junction C: Vehicle 663 moved to Station
Time: 44m30s - Junction C: Vehicle 666 moved to Station
Time: 44m30s - Junction C: Vehicle 668 moved to Station
Time: 44m40s - Junction C: Vehicle 670 moved to Shopping Centre
Time: 44m40s - Junction C: Vehicle 685 moved to Station
Time: 44m50s - Junction C: Vehicle 688 moved to Industrial Park
Time: 44m50s - Junction C: Vehicle 690 moved to Industrial Park
Time: 45m0s - Junction C: Vehicle 692 moved to Industrial Park
Time: 45m0s - Junction C: Green phase ended: 18 cars through from From North, 43 waiting.
Time: 45m0s - Junction C: Vehicle 792 moved to Shopping Centre
Time: 45m10s - Junction C: Vehicle 398 moved to University
Time: 45m10s - Junction C: Vehicle 270 moved to Shopping Centre
Time: 45m20s - Junction C: Vehicle 400 moved to Shopping Centre
Time: 45m20s - Junction C: Vehicle 273 moved to Shopping Centre
Time: 45m30s - Junction C: Vehicle 618 moved to Shopping Centre
Time: 45m30s - Junction C: Vehicle 620 moved to Station
Time: 45m40s - Junction C: Vehicle 454 moved to Shopping Centre
Time: 45m40s - Junction C: Vehicle 461 moved to Shopping Centre
Time: 45m40s - Junction C: GRIDLOCK for Vehicle 324 to Shopping Centre
Time: 45m50s - Junction C: Vehicle 324 moved to Shopping Centre
Time: 45m50s - Junction C: GRIDLOCK for Vehicle 630 to Shopping Centre
Time: 46m0s - Junction C: Vehicle 632 moved to Station
Time: 46m10s - Junction C: Vehicle 630 moved to Shopping Centre
Time: 46m10s - Junction C: Vehicle 659 moved to Station
Time: 46m20s - Junction C: Vehicle 662 moved to University
Time: 46m20s - Junction C: Vehicle 669 moved to Shopping Centre
Time: 46m30s - Junction C: Vehicle 674 moved to Shopping Centre
Time: 46m30s - Junction C: Green phase ended: 16 cars through from From B, 2 waiting.
Time: 46m30s - Junction C: Vehicle 695 moved to Industrial Park
Time: 46m40s - Junction C: Vehicle 697 moved to University
Time: 46m40s - Junction C: Vehicle 700 moved to University
Time: 46m50s - Junction C: Vehicle 702 moved to University
Time: 46m50s - Junction C: Vehicle 705 moved to Industrial Park
Time: 47m0s - Junction C: Vehicle 707 moved to Industrial Park
Time: 47m0s - Junction C: Vehicle 710 moved to Station
Time: 47m0s - Junction C: GRIDLOCK for Vehicle 712 to Industrial Park
Time: 47m10s - Junction C: GRIDLOCK for Vehicle 714 to Industrial Park
Time: 47m20s - Junction C: Vehicle 717 moved to Station
Time: 47m20s - Junction C: Vehicle 719 moved to Station
Time: 47m20s - Junction C: GRIDLOCK for Vehicle 722 to Industrial Park
Time: 47m30s - Junction C: Vehicle 724 moved to Station
Time: 47m40s - Junction C: Vehicle 727 moved to Shopping Centre
Time: 47m40s - Junction C: GRIDLOCK for Vehicle 739 to Industrial Park
Time: 47m40s - Junction C: GRIDLOCK for Vehicle 741 to Industrial Park
Time: 47m50s - Junction C: Vehicle 744 moved to University
Time: 47m50s - Junction C: GRIDLOCK for Vehicle 463 to Industrial Park
Time: 48m0s - Junction C: Green phase ended: 12 cars through from From North, 50 waiting.
Time: 48m0s - Junction C: Vehicle 676 moved to Shopping Centre
Time: 48m10s - Junction C: Vehicle 679 moved to Shopping Centre
Time: 48m10s - Junction C: Vehicle 684 moved to Shopping Centre
Time: 48m20s - Junction C: Vehicle 797 moved to University
Time: 48m20s - Junction C: Vehicle 802 moved to Shopping Centre
Time: 48m30s - Junction C: Vehicle 819 moved to University
Time: 48m30s - Junction C: Vehicle 824 moved to Station
Time: 48m40s - Junction C: Vehicle 831 moved to University
Time: 48m40s - Junction C: Vehicle 836 moved to Shopping Centre
Time: 48m50s - Junction C: Vehicle 853 moved to Station
Time: 49m30s - Junction C: Green phase ended: 10 cars through from From B, 0 waiting.
Time: 49m30s - Junction C: Vehicle 746 moved to University
Time: 49m40s - Junction C: Vehicle 595 moved to Industrial Park
Time: 49m40s - Junction C: Vehicle 749 moved to Shopping Centre
Time: 49m50s - Junction C: Vehicle 467 moved to Industrial Park
Time: 49m50s - Junction C: Vehicle 597 moved to Industrial Park
Time: 50m0s - Junction C: Vehicle 470 moved to Industrial Park
Time: 50m0s - Junction C: Vehicle 754 moved to Shopping Centre
Time: 50m10s - Junction C: Vehicle 756 moved to Station
Time: 50m10s - Junction C: GRIDLOCK for Vehicle 604 to Industrial Park
Time: 50m20s - Junction C: Vehicle 759 moved to Shopping Centre
Time: 50m20s - Junction C: GRIDLOCK for Vehicle 475 to Industrial Park
Time: 50m20s - Junction C: GRIDLOCK for Vehicle 631 to Industrial Park
Time: 50m30s - Junction C: Vehicle 763 moved to Shopping Centre
Time: 50m40s - Junction C: Vehicle 766 moved to Station
Time: 50m40s - Junction C: GRIDLOCK for Vehicle 795 to Industrial Park
Time: 50m50s - Junction C: Vehicle 798 moved to Shopping Centre
Time: 50m50s - Junction C: GRIDLOCK for Vehicle 800 to Industrial Park
Time: 50m50s - Junction C: GRIDLOCK for Vehicle 803 to Industrial Park
Time: 51m0s - Junction C: Green phase ended: 12 cars through from From North, 49 waiting.
Time: 51m0s - Junction C: Vehicle 686 moved to Shopping Centre
Time: 51m10s - Junction C: Vehicle 689 moved to University
Time: 51m10s - Junction C: Vehicle 698 moved to Station
Time: 51m20s - Junction C: Vehicle 701 moved to Station
Time: 51m20s - Junction C: Vehicle 716 moved to Shopping Centre
Time: 51m30s - Junction C: Vehicle 718 moved to Shopping Centre
Time: 51m30s - Junction C: Vehicle 720 moved to University
Time: 51m40s - Junction C: Vehicle 858 moved to Station
Time: 51m40s - Junction C: Vehicle 875 moved to Shopping Centre
Time: 51m50s - Junction C: Vehicle 863 moved to Shopping Centre
Time: 51m50s - Junction C: Vehicle 880 moved to Station
Time: 52m0s - Junction C: Vehicle 890 moved to Station
Time: 52m0s - Junction C: Vehicle 912 moved to Shopping Centre
Time: 52m10s - Junction C: Vehicle 917 moved to Shopping Centre
Time: 52m10s - Junction C: Vehicle 924 moved to Shopping Centre
Time: 52m20s - Junction C: Vehicle 929 moved to Station
Time: 52m20s - Junction C: Vehicle 934 moved to Shopping Centre
Time: 52m30s - Junction C: Vehicle 951 moved to Shopping Centre
Time: 52m30s - Junction C: Green phase ended: 18 cars through from From B, 0 waiting.
Time: 52m30s - Junction C: Vehicle 805 moved to Station
Time: 52m40s - Junction C: Vehicle 807 moved to Industrial Park
Time: 52m40s - Junction C: Vehicle 810 moved to Shopping Centre
Time: 52m50s - Junction C: Vehicle 812 moved to Industrial Park
Time: 52m50s - Junction C: Vehicle 815 moved to Shopping Centre
Time: 53m0s - Junction C: Vehicle 817 moved to Industrial Park
Time: 53m0s - Junction C: Vehicle 820 moved to Station
Time: 53m10s - Junction C: Vehicle 822 moved to Shopping Centre
Time: 53m10s - Junction C: Vehicle 825 moved to Shopping Centre
Time: 53m20s - Junction C: Vehicle 827 moved to Industrial Park
Time: 53m20s - Junction C: Vehicle 829 moved to University
Time: 53m30s - Junction C: Vehicle 832 moved to Industrial Park
Time: 53m30s - Junction C: Vehicle 834 moved to Shopping Centre
Time: 53m40s - Junction C: Vehicle 837 moved to Shopping Centre
Time: 53m40s - Junction C: Vehicle 849 moved to Shopping Centre
Time: 53m50s - Junction C: Vehicle 851 moved to Industrial Park
Time: 53m50s - Junction C: Vehicle 854 moved to Industrial Park
Time: 54m0s - Junction C: Vehicle 856 moved to Industrial Park
Time: 54m0s - Junction C: Green phase ended: 18 cars through from From North, 43 waiting.
Time: 54m10s - Junction C: Vehicle 561 moved to Shopping Centre
Time: 54m10s - Junction C: Vehicle 733 moved to University
Time: 54m20s - Junction C: Vehicle 393 moved to Station
Time: 54m20s - Junction C: Vehicle 395 moved to Station
Time: 54m30s - Junction C: Vehicle 738 moved to Station
Time: 54m30s - Junction C: Vehicle 268 moved to Shopping Centre
Time: 54m40s - Junction C: Vehicle 767 moved to Shopping Centre
Time: 54m40s - Junction C: Vehicle 322 moved to Shopping Centre
Time: 54m50s - Junction C: Vehicle 794 moved to Station
Time: 54m50s - Junction C: Vehicle 799 moved to Shopping Centre
Time: 55m0s - Junction C: Vehicle 801 moved to Shopping Centre
Time: 55m0s - Junction C: Vehicle 823 moved to Shopping Centre
Time: 55m10s - Junction C: Vehicle 828 moved to Shopping Centre
Time: 55m10s - Junction C: Vehicle 830 moved to Station
Time: 55m20s - Junction C: Vehicle 835 moved to Shopping Centre
Time: 55m20s - Junction C: Vehicle 843 moved to Shopping Centre
Time: 55m30s - Junction C: Green phase ended: 16 cars through from From B, 0 waiting.
Time: 55m30s - Junction C: Vehicle 859 moved to Shopping Centre
Time: 55m40s - Junction C: Vehicle 712 moved to Industrial Park
Time: 55m40s - Junction C: Vehicle 714 moved to Industrial Park
Time: 55m50s - Junction C: Vehicle 861 moved to Industrial Park
Time: 55m50s - Junction C: Vehicle 864 moved to Station
Time: 56m0s - Junction C: Vehicle 722 moved to Industrial Park
Time: 56m0s - Junction C: GRIDLOCK for Vehicle 866 to Industrial Park
Time: 56m0s - Junction C: GRIDLOCK for Vehicle 869 to Industrial Park
Time: 56m10s - Junction C: GRIDLOCK for Vehicle 739 to Industrial Park
Time: 56m20s - Junction C: Vehicle 871 moved to University
Time: 56m20s - Junction C: GRIDLOCK for Vehicle 741 to Industrial Park
Time: 56m30s - Junction C: Vehicle 873 moved to Shopping Centre
Time: 56m30s - Junction C: GRIDLOCK for Vehicle 463 to Industrial Park
Time: 56m40s - Junction C: Vehicle 876 moved to Station
Time: 56m40s - Junction C: Vehicle 905 moved to Station
Time: 56m50s - Junction C: Vehicle 908 moved to Station
Time: 56m50s - Junction C: Vehicle 910 moved to Station
Time: 57m0s - Junction C: Vehicle 913 moved to University
Time: 57m0s - Junction C: Green phase ended: 13 cars through from From North, 48 waiting.
Time: 57m0s - Junction C: Vehicle 848 moved to Station
Time: 57m10s - Junction C: Vehicle 961 moved to Shopping Centre
Time: 57m10s - Junction C: Vehicle 968 moved to Station
Time: 57m20s - Junction C: Vehicle 993 moved to Station
Time: 57m20s - Junction C: Vehicle 1001 moved to Station
Time: 57m30s - Junction C: Vehicle 1012 moved to Shopping Centre
Time: 57m30s - Junction C: Vehicle 1022 moved to Shopping Centre
Time: 57m40s - Junction C: Vehicle 1029 moved to Shopping Centre
Time: 57m40s - Junction C: Vehicle 1033 moved to Shopping Centre
Time: 58m30s - Junction C: Green phase ended: 9 cars through from From B, 0 waiting.
Time: 58m30s - Junction C: Vehicle 915 moved to Shopping Centre
Time: 58m30s - Junction C: GRIDLOCK for Vehicle 604 to Industrial Park
Time: 58m40s - Junction C: GRIDLOCK for Vehicle 918 to Industrial Park
Time: 58m40s - Junction C: GRIDLOCK for Vehicle 475 to Industrial Park
Time: 58m50s - Junction C: GRIDLOCK for Vehicle 631 to Industrial Park
Time: 58m50s - Junction C: GRIDLOCK for Vehicle 920 to Industrial Park
Time: 59m0s - Junction C: Vehicle 922 moved to Station
Time: 59m0s - Junction C: GRIDLOCK for Vehicle 795 to Industrial Park
Time: 59m10s - Junction C: Vehicle 925 moved to Shopping Centre
Time: 59m10s - Junction C: GRIDLOCK for Vehicle 927 to Industrial Park
Time: 59m20s - Junction C: GRIDLOCK for Vehicle 800 to Industrial Park
Time: 59m20s - Junction C: GRIDLOCK for Vehicle 803 to Industrial Park
Time: 59m30s - Junction C: GRIDLOCK for Vehicle 930 to Industrial Park
Time: 59m40s - Junction C: Vehicle 932 moved to Shopping Centre
Time: 59m40s - Junction C: Vehicle 959 moved to University
Time: 59m50s - Junction C: Vehicle 962 moved to Shopping Centre
Time: 59m50s - Junction C: Vehicle 964 moved to Station
Time: 59m50s - Junction C: GRIDLOCK for Vehicle 966 to Industrial Park
Time: 60m0s - Junction C: Green phase ended: 7 cars through from From North, 47 waiting.
